{"contracts\\ballot.sol":{"l":{"36":36,"40":13,"41":12,"46":11,"47":11,"48":22,"49":22,"51":11,"56":17,"57":16,"58":15,"59":14,"60":14,"61":14,"62":12,"63":12,"65":14,"66":14,"70":6,"71":5,"73":4,"74":3,"75":3,"76":3,"80":1,"81":1,"89":2,"93":1,"97":7,"101":1},"path":"D:\\HHTests\\ballot\\contracts\\ballot.sol","s":{"1":36,"2":13,"3":11,"4":11,"5":22,"6":17,"7":16,"8":15,"9":14,"10":14,"11":12,"12":12,"13":14,"14":14,"15":6,"16":5,"17":4,"18":1,"19":3,"20":3,"21":3,"22":1,"23":1,"24":2,"25":1,"26":7,"27":1},"b":{"1":[12,1],"2":[16,1],"3":[15,1],"4":[14,1],"5":[12,2],"6":[5,1],"7":[4,1],"8":[1,3]},"f":{"1":36,"2":13,"3":11,"4":17,"5":6,"6":1,"7":2,"8":1,"9":7,"10":1},"fnMap":{"1":{"name":"constructor","line":35,"loc":{"start":{"line":35,"column":4},"end":{"line":37,"column":4}}},"2":{"name":"onlyOwner","line":39,"loc":{"start":{"line":39,"column":4},"end":{"line":42,"column":4}}},"3":{"name":"createBallot","line":45,"loc":{"start":{"line":45,"column":4},"end":{"line":52,"column":4}}},"4":{"name":"vote","line":55,"loc":{"start":{"line":55,"column":4},"end":{"line":67,"column":4}}},"5":{"name":"finishVoting","line":69,"loc":{"start":{"line":69,"column":4},"end":{"line":77,"column":4}}},"6":{"name":"withdrawFee","line":79,"loc":{"start":{"line":79,"column":4},"end":{"line":82,"column":4}}},"7":{"name":"howManyScore","line":88,"loc":{"start":{"line":88,"column":4},"end":{"line":90,"column":4}}},"8":{"name":"isVotedView","line":92,"loc":{"start":{"line":92,"column":4},"end":{"line":94,"column":4}}},"9":{"name":"candidateAddr","line":96,"loc":{"start":{"line":96,"column":4},"end":{"line":98,"column":4}}},"10":{"name":"whoIsWinner","line":100,"loc":{"start":{"line":100,"column":4},"end":{"line":102,"column":4}}}},"statementMap":{"1":{"start":{"line":36,"column":8},"end":{"line":36,"column":25}},"2":{"start":{"line":40,"column":8},"end":{"line":40,"column":71}},"3":{"start":{"line":46,"column":8},"end":{"line":46,"column":71}},"4":{"start":{"line":47,"column":8},"end":{"line":47,"column":1388}},"5":{"start":{"line":48,"column":12},"end":{"line":48,"column":78}},"6":{"start":{"line":56,"column":8},"end":{"line":56,"column":83}},"7":{"start":{"line":57,"column":8},"end":{"line":57,"column":115}},"8":{"start":{"line":58,"column":8},"end":{"line":58,"column":75}},"9":{"start":{"line":59,"column":8},"end":{"line":59,"column":84}},"10":{"start":{"line":61,"column":8},"end":{"line":61,"column":2178}},"11":{"start":{"line":62,"column":12},"end":{"line":62,"column":67}},"12":{"start":{"line":63,"column":12},"end":{"line":63,"column":56}},"13":{"start":{"line":65,"column":8},"end":{"line":65,"column":52}},"14":{"start":{"line":66,"column":8},"end":{"line":66,"column":47}},"15":{"start":{"line":70,"column":8},"end":{"line":70,"column":99}},"16":{"start":{"line":71,"column":8},"end":{"line":71,"column":74}},"17":{"start":{"line":73,"column":8},"end":{"line":73,"column":60}},"18":{"start":{"line":73,"column":54},"end":{"line":73,"column":60}},"19":{"start":{"line":74,"column":8},"end":{"line":74,"column":50}},"20":{"start":{"line":75,"column":8},"end":{"line":75,"column":119}},"21":{"start":{"line":76,"column":8},"end":{"line":76,"column":76}},"22":{"start":{"line":80,"column":8},"end":{"line":80,"column":53}},"23":{"start":{"line":81,"column":8},"end":{"line":81,"column":32}},"24":{"start":{"line":89,"column":8},"end":{"line":89,"column":66}},"25":{"start":{"line":93,"column":8},"end":{"line":93,"column":53}},"26":{"start":{"line":97,"column":8},"end":{"line":97,"column":70}},"27":{"start":{"line":101,"column":8},"end":{"line":101,"column":47}}},"branchMap":{"1":{"line":40,"type":"if","locations":[{"start":{"line":40,"column":8},"end":{"line":40,"column":8}},{"start":{"line":40,"column":8},"end":{"line":40,"column":8}}]},"2":{"line":56,"type":"if","locations":[{"start":{"line":56,"column":8},"end":{"line":56,"column":8}},{"start":{"line":56,"column":8},"end":{"line":56,"column":8}}]},"3":{"line":57,"type":"if","locations":[{"start":{"line":57,"column":8},"end":{"line":57,"column":8}},{"start":{"line":57,"column":8},"end":{"line":57,"column":8}}]},"4":{"line":58,"type":"if","locations":[{"start":{"line":58,"column":8},"end":{"line":58,"column":8}},{"start":{"line":58,"column":8},"end":{"line":58,"column":8}}]},"5":{"line":61,"type":"if","locations":[{"start":{"line":61,"column":8},"end":{"line":61,"column":8}},{"start":{"line":61,"column":8},"end":{"line":61,"column":8}}]},"6":{"line":70,"type":"if","locations":[{"start":{"line":70,"column":8},"end":{"line":70,"column":8}},{"start":{"line":70,"column":8},"end":{"line":70,"column":8}}]},"7":{"line":71,"type":"if","locations":[{"start":{"line":71,"column":8},"end":{"line":71,"column":8}},{"start":{"line":71,"column":8},"end":{"line":71,"column":8}}]},"8":{"line":73,"type":"if","locations":[{"start":{"line":73,"column":8},"end":{"line":73,"column":8}},{"start":{"line":73,"column":8},"end":{"line":73,"column":8}}]}}}}