TN:
SF:D:\HHTests\ballot\contracts\ballot.sol
FN:35,constructor
FN:39,onlyOwner
FN:45,createBallot
FN:55,vote
FN:69,finishVoting
FN:79,withdrawFee
FN:88,howManyScore
FN:92,isVotedView
FN:96,candidateAddr
FN:100,whoIsWinner
FNF:10
FNH:10
FNDA:36,constructor
FNDA:13,onlyOwner
FNDA:11,createBallot
FNDA:17,vote
FNDA:6,finishVoting
FNDA:1,withdrawFee
FNDA:2,howManyScore
FNDA:1,isVotedView
FNDA:7,candidateAddr
FNDA:1,whoIsWinner
DA:36,36
DA:40,13
DA:41,12
DA:46,11
DA:47,11
DA:48,22
DA:49,22
DA:51,11
DA:56,17
DA:57,16
DA:58,15
DA:59,14
DA:60,14
DA:61,14
DA:62,12
DA:63,12
DA:65,14
DA:66,14
DA:70,6
DA:71,5
DA:73,4
DA:74,3
DA:75,3
DA:76,3
DA:80,1
DA:81,1
DA:89,2
DA:93,1
DA:97,7
DA:101,1
LF:30
LH:30
BRDA:40,1,0,12
BRDA:40,1,1,1
BRDA:56,2,0,16
BRDA:56,2,1,1
BRDA:57,3,0,15
BRDA:57,3,1,1
BRDA:58,4,0,14
BRDA:58,4,1,1
BRDA:61,5,0,12
BRDA:61,5,1,2
BRDA:70,6,0,5
BRDA:70,6,1,1
BRDA:71,7,0,4
BRDA:71,7,1,1
BRDA:73,8,0,1
BRDA:73,8,1,3
BRF:16
BRH:16
end_of_record
